   1               		.file	"at90can_buffer.c"
   2               	__SREG__ = 0x3f
   3               	__SP_H__ = 0x3e
   4               	__SP_L__ = 0x3d
   5               	__CCP__ = 0x34
   6               	__tmp_reg__ = 0
   7               	__zero_reg__ = 1
  15               	.Ltext0:
  16               	.global	can_check_message
  18               	can_check_message:
  19               	.LFB17:
  20               	.LM1:
  21               	/* prologue: function */
  22               	/* frame size = 0 */
  23               	/* stack size = 0 */
  24               	.L__stack_usage = 0
  25               	.LM2:
  26 0000 9091 0000 		lds r25,_messages_waiting
  27               	.LM3:
  28 0004 81E0      		ldi r24,lo8(1)
  29 0006 9923      		tst r25
  30 0008 01F4      		brne .L2
  31 000a 80E0      		ldi r24,lo8(0)
  32               	.L2:
  33               	.LM4:
  34 000c 0895      		ret
  35               	.LFE17:
  37               	.global	can_check_free_buffer
  39               	can_check_free_buffer:
  40               	.LFB18:
  41               	.LM5:
  42               	/* prologue: function */
  43               	/* frame size = 0 */
  44               	/* stack size = 0 */
  45               	.L__stack_usage = 0
  46               	.LM6:
  47 000e 9091 0000 		lds r25,_free_buffer
  48               	.LM7:
  49 0012 81E0      		ldi r24,lo8(1)
  50 0014 9923      		tst r25
  51 0016 01F4      		brne .L4
  52 0018 80E0      		ldi r24,lo8(0)
  53               	.L4:
  54               	.LM8:
  55 001a 0895      		ret
  56               	.LFE18:
  90               	.Letext0:
DEFINED SYMBOLS
                            *ABS*:00000000 at90can_buffer.c
     /tmp/ccYYt9Ei.s:2      *ABS*:0000003f __SREG__
     /tmp/ccYYt9Ei.s:3      *ABS*:0000003e __SP_H__
     /tmp/ccYYt9Ei.s:4      *ABS*:0000003d __SP_L__
     /tmp/ccYYt9Ei.s:5      *ABS*:00000034 __CCP__
     /tmp/ccYYt9Ei.s:6      *ABS*:00000000 __tmp_reg__
     /tmp/ccYYt9Ei.s:7      *ABS*:00000001 __zero_reg__
     /tmp/ccYYt9Ei.s:18     .text:00000000 can_check_message
     /tmp/ccYYt9Ei.s:39     .text:0000000e can_check_free_buffer

UNDEFINED SYMBOLS
_messages_waiting
_free_buffer
