   1               		.file	"at90can_get_message.c"
<<<<<<< HEAD
   2               	__SP_H__ = 0x3e
   3               	__SP_L__ = 0x3d
   4               	__SREG__ = 0x3f
   5               	__tmp_reg__ = 0
   6               	__zero_reg__ = 1
   7               		.text
   8               	.Ltext0:
   9               	.Letext0:
DEFINED SYMBOLS
                            *ABS*:00000000 at90can_get_message.c
     /tmp/cct60CDI.s:2      *ABS*:0000003e __SP_H__
     /tmp/cct60CDI.s:3      *ABS*:0000003d __SP_L__
     /tmp/cct60CDI.s:4      *ABS*:0000003f __SREG__
     /tmp/cct60CDI.s:5      *ABS*:00000000 __tmp_reg__
     /tmp/cct60CDI.s:6      *ABS*:00000001 __zero_reg__
=======
   2               	__SREG__ = 0x3f
   3               	__SP_H__ = 0x3e
   4               	__SP_L__ = 0x3d
   5               	__CCP__ = 0x34
   6               	__tmp_reg__ = 0
   7               	__zero_reg__ = 1
  15               	.Ltext0:
  16               	.Letext0:
DEFINED SYMBOLS
                            *ABS*:00000000 at90can_get_message.c
     /tmp/ccr4iX5w.s:2      *ABS*:0000003f __SREG__
     /tmp/ccr4iX5w.s:3      *ABS*:0000003e __SP_H__
     /tmp/ccr4iX5w.s:4      *ABS*:0000003d __SP_L__
     /tmp/ccr4iX5w.s:5      *ABS*:00000034 __CCP__
     /tmp/ccr4iX5w.s:6      *ABS*:00000000 __tmp_reg__
     /tmp/ccr4iX5w.s:7      *ABS*:00000001 __zero_reg__
>>>>>>> f9092c8728abba927a3c1179142d688269dd8aaf

NO UNDEFINED SYMBOLS
