   1               		.file	"mcp2515_error_register.c"
<<<<<<< HEAD
   2               	__SP_H__ = 0x3e
   3               	__SP_L__ = 0x3d
   4               	__SREG__ = 0x3f
   5               	__tmp_reg__ = 0
   6               	__zero_reg__ = 1
   7               		.text
   8               	.Ltext0:
   9               	.global	can_read_error_register
  11               	can_read_error_register:
  12               	.LFB19:
  13               		.file 1 "mcp2515_error_register.c"
   1:mcp2515_error_register.c **** // ----------------------------------------------------------------------------
   2:mcp2515_error_register.c **** /*
   3:mcp2515_error_register.c ****  * Copyright (c) 2007 Fabian Greif, Roboterclub Aachen e.V.
   4:mcp2515_error_register.c ****  *  All rights reserved.
   5:mcp2515_error_register.c ****  *
   6:mcp2515_error_register.c ****  * Redistribution and use in source and binary forms, with or without
   7:mcp2515_error_register.c ****  * modification, are permitted provided that the following conditions
   8:mcp2515_error_register.c ****  * are met:
   9:mcp2515_error_register.c ****  * 1. Redistributions of source code must retain the above copyright
  10:mcp2515_error_register.c ****  *    notice, this list of conditions and the following disclaimer.
  11:mcp2515_error_register.c ****  * 2. Redistributions in binary form must reproduce the above copyright
  12:mcp2515_error_register.c ****  *    notice, this list of conditions and the following disclaimer in the
  13:mcp2515_error_register.c ****  *    documentation and/or other materials provided with the distribution.
  14:mcp2515_error_register.c ****  *
  15:mcp2515_error_register.c ****  * THIS SOFTWARE IS PROVIDED BY THE AUTHOR AND CONTRIBUTORS ``AS IS'' AND
  16:mcp2515_error_register.c ****  * ANY EXPRESS OR IMPLIED WARRANTIES, INCLUDING, BUT NOT LIMITED TO, THE
  17:mcp2515_error_register.c ****  * IMPLIED WARRANTIES OF MERCHANTABILITY AND FITNESS FOR A PARTICULAR PURPOSE
  18:mcp2515_error_register.c ****  * ARE DISCLAIMED.  IN NO EVENT SHALL THE REGENTS OR CONTRIBUTORS BE LIABLE
  19:mcp2515_error_register.c ****  * FOR ANY DIRECT, INDIRECT, INCIDENTAL, SPECIAL, EXEMPLARY, OR CONSEQUENTIAL
  20:mcp2515_error_register.c ****  * DAMAGES (INCLUDING, BUT NOT LIMITED TO, PROCUREMENT OF SUBSTITUTE GOODS
  21:mcp2515_error_register.c ****  * OR SERVICES; LOSS OF USE, DATA, OR PROFITS; OR BUSINESS INTERRUPTION)
  22:mcp2515_error_register.c ****  * HOWEVER CAUSED AND ON ANY THEORY OF LIABILITY, WHETHER IN CONTRACT, STRICT
  23:mcp2515_error_register.c ****  * LIABILITY, OR TORT (INCLUDING NEGLIGENCE OR OTHERWISE) ARISING IN ANY WAY
  24:mcp2515_error_register.c ****  * OUT OF THE USE OF THIS SOFTWARE, EVEN IF ADVISED OF THE POSSIBILITY OF
  25:mcp2515_error_register.c ****  * SUCH DAMAGE.
  26:mcp2515_error_register.c ****  *
  27:mcp2515_error_register.c ****  * $Id: mcp2515_error_register.c 6837 2008-11-16 19:05:15Z fabian $
  28:mcp2515_error_register.c ****  */
  29:mcp2515_error_register.c **** // ----------------------------------------------------------------------------
  30:mcp2515_error_register.c **** 
  31:mcp2515_error_register.c **** #include "mcp2515_private.h"
  32:mcp2515_error_register.c **** #ifdef	SUPPORT_FOR_MCP2515__
  33:mcp2515_error_register.c **** 
  34:mcp2515_error_register.c **** // ----------------------------------------------------------------------------
  35:mcp2515_error_register.c **** can_error_register_t mcp2515_read_error_register(void)
  36:mcp2515_error_register.c **** {
  14               		.loc 1 36 0
  15 0000 CF93      		push r28
  16               	.LCFI0:
  17 0002 DF93      		push r29
  18               	.LCFI1:
  19 0004 1F92      		push __zero_reg__
  20               	.LCFI2:
  21 0006 CDB7      		in r28,__SP_L__
  22 0008 DEB7      		in r29,__SP_H__
  23               	.LCFI3:
  24               	/* prologue: function */
  25               	/* frame size = 1 */
  26               	/* stack size = 3 */
  27               	.L__stack_usage = 3
  37:mcp2515_error_register.c **** 	can_error_register_t error;
  38:mcp2515_error_register.c **** 	
  39:mcp2515_error_register.c **** 	error.tx = mcp2515_read_register(TEC);
  28               		.loc 1 39 0
  29 000a 8CE1      		ldi r24,lo8(28)
  30 000c 0E94 0000 		call mcp2515_read_register
  31               	.LVL0:
  32 0010 982F      		mov r25,r24
  33               	.LVL1:
  40:mcp2515_error_register.c **** 	error.rx = mcp2515_read_register(REC);
  34               		.loc 1 40 0
  35 0012 8DE1      		ldi r24,lo8(29)
  36               	.LVL2:
  37 0014 9983      		std Y+1,r25
  38 0016 0E94 0000 		call mcp2515_read_register
  39               	.LVL3:
  41:mcp2515_error_register.c **** 	
  42:mcp2515_error_register.c **** 	return error;
  43:mcp2515_error_register.c **** }
  40               		.loc 1 43 0
  41 001a 9981      		ldd r25,Y+1
  42               	/* epilogue start */
  43 001c 0F90      		pop __tmp_reg__
  44 001e DF91      		pop r29
  45 0020 CF91      		pop r28
  46 0022 0895      		ret
  47               	.LFE19:
  95               	.Letext0:
  96               		.file 2 "../can.h"
  97               		.file 3 "/usr/lib/gcc/avr/4.7.0/../../../avr/include/stdint.h"
  98               		.file 4 "mcp2515_private.h"
DEFINED SYMBOLS
                            *ABS*:00000000 mcp2515_error_register.c
     /tmp/ccyV8E4f.s:2      *ABS*:0000003e __SP_H__
     /tmp/ccyV8E4f.s:3      *ABS*:0000003d __SP_L__
     /tmp/ccyV8E4f.s:4      *ABS*:0000003f __SREG__
     /tmp/ccyV8E4f.s:5      *ABS*:00000000 __tmp_reg__
     /tmp/ccyV8E4f.s:6      *ABS*:00000001 __zero_reg__
     /tmp/ccyV8E4f.s:11     .text:00000000 can_read_error_register
=======
   2               	__SREG__ = 0x3f
   3               	__SP_H__ = 0x3e
   4               	__SP_L__ = 0x3d
   5               	__CCP__ = 0x34
   6               	__tmp_reg__ = 0
   7               	__zero_reg__ = 1
  15               	.Ltext0:
  16               	.global	can_read_error_register
  18               	can_read_error_register:
  19               	.LFB18:
  20               	.LM1:
  21 0000 DF93      		push r29
  22 0002 CF93      		push r28
  23 0004 0F92      		push __tmp_reg__
  24 0006 CDB7      		in r28,__SP_L__
  25 0008 DEB7      		in r29,__SP_H__
  26               	/* prologue: function */
  27               	/* frame size = 1 */
  28               	/* stack size = 3 */
  29               	.L__stack_usage = 3
  30               	.LM2:
  31 000a 8CE1      		ldi r24,lo8(28)
  32 000c 0E94 0000 		call mcp2515_read_register
  33 0010 982F      		mov r25,r24
  34               	.LM3:
  35 0012 8DE1      		ldi r24,lo8(29)
  36 0014 9983      		std Y+1,r25
  37 0016 0E94 0000 		call mcp2515_read_register
  38               	.LM4:
  39 001a 9981      		ldd r25,Y+1
  40               	/* epilogue start */
  41 001c 0F90      		pop __tmp_reg__
  42 001e CF91      		pop r28
  43 0020 DF91      		pop r29
  44 0022 0895      		ret
  45               	.LFE18:
  71               	.Letext0:
DEFINED SYMBOLS
                            *ABS*:00000000 mcp2515_error_register.c
     /tmp/cccdHrLq.s:2      *ABS*:0000003f __SREG__
     /tmp/cccdHrLq.s:3      *ABS*:0000003e __SP_H__
     /tmp/cccdHrLq.s:4      *ABS*:0000003d __SP_L__
     /tmp/cccdHrLq.s:5      *ABS*:00000034 __CCP__
     /tmp/cccdHrLq.s:6      *ABS*:00000000 __tmp_reg__
     /tmp/cccdHrLq.s:7      *ABS*:00000001 __zero_reg__
     /tmp/cccdHrLq.s:18     .text:00000000 can_read_error_register
>>>>>>> f9092c8728abba927a3c1179142d688269dd8aaf

UNDEFINED SYMBOLS
mcp2515_read_register
